2026-04-23 11:34:50,931 [CLEAN] INFO === CLEANING START ===
2026-04-23 11:34:51,100 [CLEAN] INFO Loaded 1800 raw rows
2026-04-23 11:34:51,116 [CLEAN] INFO After dedup: 1800
2026-04-23 11:34:51,122 [CLEAN] INFO After price filter: 1800
2026-04-23 11:34:51,126 [CLEAN] INFO [OUTLIERS] price: 1800 → 1798
2026-04-23 11:34:51,129 [CLEAN] INFO [OUTLIERS] area_m2: 1798 → 1777
2026-04-23 11:34:51,130 [CLEAN] INFO Final clean dataset: 1777 rows
2026-04-23 11:34:51,497 [CLEAN] INFO Inserted: 1777 rows
2026-04-23 11:34:51,498 [CLEAN] INFO === CLEANING DONE ===
2026-04-29 13:31:54,747 [CLEAN] INFO === CLEANING START ===
2026-04-29 13:31:54,913 [CLEAN] INFO Loaded 577 raw rows
2026-04-29 13:31:54,920 [CLEAN] INFO After dedup: 577
2026-04-29 13:31:54,922 [CLEAN] INFO After price filter: 577
2026-04-29 13:31:54,924 [CLEAN] INFO [OUTLIERS] price: 577 → 577
2026-04-29 13:31:54,925 [CLEAN] INFO [OUTLIERS] area_m2: 577 → 570
2026-04-29 13:31:54,927 [CLEAN] INFO Final clean dataset: 570 rows
2026-04-29 13:31:55,061 [CLEAN] INFO Inserted: 570 rows
2026-04-29 13:31:55,062 [CLEAN] INFO === CLEANING DONE ===
2026-04-30 13:23:30,126 [CLEAN] INFO === CLEANING START ===
2026-04-30 13:23:30,345 [CLEAN] INFO Loaded 158 raw rows
2026-04-30 13:23:30,359 [CLEAN] INFO After dedup: 158
2026-04-30 13:23:30,361 [CLEAN] INFO After price filter: 158
2026-04-30 13:23:30,364 [CLEAN] INFO [OUTLIERS] price: 158 → 157
2026-04-30 13:23:30,365 [CLEAN] INFO [OUTLIERS] area_m2: 157 → 156
2026-04-30 13:23:30,366 [CLEAN] INFO Final clean dataset: 156 rows
2026-04-30 13:23:30,415 [CLEAN] INFO Inserted: 156 rows
2026-04-30 13:23:30,415 [CLEAN] INFO === CLEANING DONE ===
2026-05-04 08:43:59,539 [CLEAN] INFO === CLEANING START ===
2026-05-04 08:43:59,691 [CLEAN] INFO Loaded 319 raw rows
2026-05-04 08:43:59,697 [CLEAN] INFO After dedup: 319
2026-05-04 08:43:59,699 [CLEAN] INFO After price filter: 319
2026-05-04 08:43:59,701 [CLEAN] INFO [OUTLIERS] price: 319 → 319
2026-05-04 08:43:59,702 [CLEAN] INFO [OUTLIERS] area_m2: 319 → 315
2026-05-04 08:43:59,704 [CLEAN] INFO Final clean dataset: 315 rows
2026-05-04 08:43:59,783 [CLEAN] INFO Inserted: 315 rows
2026-05-04 08:43:59,784 [CLEAN] INFO === CLEANING DONE ===
